  main.cpp
D:\Visual studio\ППвИС 4laba\Undirected_graph.h(251,1): warning C4806: ==: небезопасная операция: значение типа "bool", приведенное к типу "int", не может равняться данной константе
D:\Visual studio\ППвИС 4laba\Undirected_graph.h(255,1): warning C4806: ==: небезопасная операция: значение типа "bool", приведенное к типу "int", не может равняться данной константе
D:\Visual studio\ППвИС 4laba\Undirected_graph.h(260,1): warning C4806: ==: небезопасная операция: значение типа "bool", приведенное к типу "int", не может равняться данной константе
D:\Visual studio\ППвИС 4laba\Undirected_graph.h(264,1): warning C4806: ==: небезопасная операция: значение типа "bool", приведенное к типу "int", не может равняться данной константе
D:\Visual studio\ППвИС 4laba\Undirected_graph.h(269,1): warning C4806: ==: небезопасная операция: значение типа "bool", приведенное к типу "int", не может равняться данной константе
D:\Visual studio\ППвИС 4laba\Undirected_graph.h(273,1): warning C4806: ==: небезопасная операция: значение типа "bool", приведенное к типу "int", не может равняться данной константе
  Undirected_graph.cpp
D:\Visual studio\ППвИС 4laba\Undirected_graph.h(251,1): warning C4806: ==: небезопасная операция: значение типа "bool", приведенное к типу "int", не может равняться данной константе
D:\Visual studio\ППвИС 4laba\Undirected_graph.h(255,1): warning C4806: ==: небезопасная операция: значение типа "bool", приведенное к типу "int", не может равняться данной константе
D:\Visual studio\ППвИС 4laba\Undirected_graph.h(260,1): warning C4806: ==: небезопасная операция: значение типа "bool", приведенное к типу "int", не может равняться данной константе
D:\Visual studio\ППвИС 4laba\Undirected_graph.h(264,1): warning C4806: ==: небезопасная операция: значение типа "bool", приведенное к типу "int", не может равняться данной константе
D:\Visual studio\ППвИС 4laba\Undirected_graph.h(269,1): warning C4806: ==: небезопасная операция: значение типа "bool", приведенное к типу "int", не может равняться данной константе
D:\Visual studio\ППвИС 4laba\Undirected_graph.h(273,1): warning C4806: ==: небезопасная операция: значение типа "bool", приведенное к типу "int", не может равняться данной константе
D:\Visual studio\ППвИС 4laba\Undirected_graph.cpp(22,21): warning C4018: <: несоответствие типов со знаком и без знака
D:\Visual studio\ППвИС 4laba\Undirected_graph.cpp(30,46): warning C4018: <: несоответствие типов со знаком и без знака
D:\Visual studio\ППвИС 4laba\Undirected_graph.cpp(34,20): warning C4018: <: несоответствие типов со знаком и без знака
D:\Visual studio\ППвИС 4laba\Undirected_graph.cpp(35,21): warning C4018: <: несоответствие типов со знаком и без знака
D:\Visual studio\ППвИС 4laba\Undirected_graph.cpp(43,20): warning C4018: <: несоответствие типов со знаком и без знака
D:\Visual studio\ППвИС 4laba\Undirected_graph.cpp(44,21): warning C4018: <: несоответствие типов со знаком и без знака
D:\Visual studio\ППвИС 4laba\Undirected_graph.cpp(45,22): warning C4018: <: несоответствие типов со знаком и без знака
D:\Visual studio\ППвИС 4laba\Undirected_graph.cpp(54,20): warning C4018: <: несоответствие типов со знаком и без знака
D:\Visual studio\ППвИС 4laba\Undirected_graph.cpp(55,21): warning C4018: <: несоответствие типов со знаком и без знака
D:\Visual studio\ППвИС 4laba\Undirected_graph.cpp(56,22): warning C4018: <: несоответствие типов со знаком и без знака
D:\Visual studio\ППвИС 4laba\Undirected_graph.cpp(63,20): warning C4018: <: несоответствие типов со знаком и без знака
D:\Visual studio\ППвИС 4laba\Undirected_graph.cpp(77,20): warning C4018: <: несоответствие типов со знаком и без знака
D:\Visual studio\ППвИС 4laba\Undirected_graph.cpp(105,20): warning C4018: <: несоответствие типов со знаком и без знака
D:\Visual studio\ППвИС 4laba\Undirected_graph.cpp(111,20): warning C4018: <: несоответствие типов со знаком и без знака
D:\Visual studio\ППвИС 4laba\Undirected_graph.cpp(117,20): warning C4018: <: несоответствие типов со знаком и без знака
D:\Visual studio\ППвИС 4laba\Undirected_graph.cpp(124,20): warning C4018: <: несоответствие типов со знаком и без знака
D:\Visual studio\ППвИС 4laba\Undirected_graph.cpp(133,20): warning C4018: <: несоответствие типов со знаком и без знака
D:\Visual studio\ППвИС 4laba\Undirected_graph.cpp(160,20): warning C4018: <: несоответствие типов со знаком и без знака
D:\Visual studio\ППвИС 4laba\Undirected_graph.cpp(172,21): warning C4018: <: несоответствие типов со знаком и без знака
D:\Visual studio\ППвИС 4laba\Undirected_graph.cpp(185,21): warning C4018: <: несоответствие типов со знаком и без знака
  Создание кода...
  ППвИС 4laba.vcxproj -> D:\Visual studio\ППвИС 4laba\Debug\ППвИС 4laba.exe
